<?xml version="1.0" encoding="UTF-8"?>
<testng-results skipped="0" failed="1" total="2" passed="1">
  <reporter-output>
  </reporter-output>
  <suite name="Mobile testing" duration-ms="362171" started-at="2015-09-19T05:28:01Z" finished-at="2015-09-19T05:34:03Z">
    <groups>
    </groups>
    <test name="Functional Tests" duration-ms="362171" started-at="2015-09-19T05:28:01Z" finished-at="2015-09-19T05:34:03Z">
      <class name="com.wbl.appium.tests.RegistrationPageTest">
        <test-method status="PASS" signature="setUp()[pri:0, instance:com.wbl.appium.tests.RegistrationPageTest@6adca536]" name="setUp" is-config="true" duration-ms="11117" started-at="2015-09-18T22:28:01Z" finished-at="2015-09-18T22:28:12Z">
          <reporter-output>
          </reporter-output>
        </test-method> <!-- setUp -->
        <test-method status="PASS" signature="setUpClass()[pri:0, instance:com.wbl.appium.tests.RegistrationPageTest@6adca536]" name="setUpClass" is-config="true" duration-ms="21" started-at="2015-09-18T22:28:12Z" finished-at="2015-09-18T22:28:12Z">
          <reporter-output>
          </reporter-output>
        </test-method> <!-- setUpClass -->
        <test-method status="PASS" signature="test2(java.lang.String, java.lang.String, java.lang.String, java.lang.String, java.lang.String)[pri:0, instance:com.wbl.appium.tests.RegistrationPageTest@6adca536]" name="test2" duration-ms="288837" started-at="2015-09-18T22:28:12Z" data-provider="Fillform" finished-at="2015-09-18T22:33:01Z">
          <params>
            <param index="0">
              <value>
                <![CDATA[whiteBox]]>
              </value>
            </param>
            <param index="1">
              <value>
                <![CDATA[Box@g.com]]>
              </value>
            </param>
            <param index="2">
              <value>
                <![CDATA[whiteboxqa]]>
              </value>
            </param>
            <param index="3">
              <value>
                <![CDATA[innovapath]]>
              </value>
            </param>
            <param index="4">
              <value>
                <![CDATA[Java]]>
              </value>
            </param>
          </params>
          <reporter-output>
          </reporter-output>
        </test-method> <!-- test2 -->
        <test-method status="FAIL" signature="test2(java.lang.String, java.lang.String, java.lang.String, java.lang.String, java.lang.String)[pri:0, instance:com.wbl.appium.tests.RegistrationPageTest@6adca536]" name="test2" duration-ms="60945" started-at="2015-09-18T22:33:01Z" data-provider="Fillform" finished-at="2015-09-18T22:34:02Z">
          <params>
            <param index="0">
              <value>
                <![CDATA[whiteBox1]]>
              </value>
            </param>
            <param index="1">
              <value>
                <![CDATA[Box@g.com1]]>
              </value>
            </param>
            <param index="2">
              <value>
                <![CDATA[whiteboxqa1]]>
              </value>
            </param>
            <param index="3">
              <value>
                <![CDATA[innovapath1]]>
              </value>
            </param>
            <param index="4">
              <value>
                <![CDATA[Java Script]]>
              </value>
            </param>
          </params>
          <exception class="org.openqa.selenium.TimeoutException">
            <message>
              <![CDATA[Timed out after 60 seconds waiting for com.wbl.appium.utils.WaitClass$1@7748410a
Build info: version: '2.45.0', revision: '32a636c', time: '2015-03-05 22:01:35'
System info: host: 'home', ip: '192.168.15.3', os.name: 'Windows 10', os.arch: 'amd64', os.version: '10.0', java.version: '1.8.0_60'
Driver info: driver.version: unknown]]>
            </message>
            <full-stacktrace>
              <![CDATA[org.openqa.selenium.TimeoutException: Timed out after 60 seconds waiting for com.wbl.appium.utils.WaitClass$1@7748410a
Build info: version: '2.45.0', revision: '32a636c', time: '2015-03-05 22:01:35'
System info: host: 'home', ip: '192.168.15.3', os.name: 'Windows 10', os.arch: 'amd64', os.version: '10.0', java.version: '1.8.0_60'
Driver info: driver.version: unknown
	at org.openqa.selenium.support.ui.FluentWait.timeoutException(FluentWait.java:259)
	at org.openqa.selenium.support.ui.FluentWait.until(FluentWait.java:228)
	at com.wbl.appium.utils.WaitClass.waitFor(WaitClass.java:27)
	at com.wbl.appium.activities.HomePage.clickOnRegistrationButton(HomePage.java:24)
	at com.wbl.appium.tests.RegistrationPageTest.test2(RegistrationPageTest.java:17)
	at sun.reflect.NativeMethodAccessorImpl.invoke0(Native Method)
	at sun.reflect.NativeMethodAccessorImpl.invoke(Unknown Source)
	at sun.reflect.DelegatingMethodAccessorImpl.invoke(Unknown Source)
	at java.lang.reflect.Method.invoke(Unknown Source)
	at org.testng.internal.MethodInvocationHelper.invokeMethod(MethodInvocationHelper.java:84)
	at org.testng.internal.Invoker.invokeMethod(Invoker.java:714)
	at org.testng.internal.Invoker.invokeTestMethod(Invoker.java:901)
	at org.testng.internal.Invoker.invokeTestMethods(Invoker.java:1231)
	at org.testng.internal.TestMethodWorker.invokeTestMethods(TestMethodWorker.java:127)
	at org.testng.internal.TestMethodWorker.run(TestMethodWorker.java:111)
	at org.testng.TestRunner.privateRun(TestRunner.java:767)
	at org.testng.TestRunner.run(TestRunner.java:617)
	at org.testng.SuiteRunner.runTest(SuiteRunner.java:334)
	at org.testng.SuiteRunner.runSequentially(SuiteRunner.java:329)
	at org.testng.SuiteRunner.privateRun(SuiteRunner.java:291)
	at org.testng.SuiteRunner.run(SuiteRunner.java:240)
	at org.testng.SuiteRunnerWorker.runSuite(SuiteRunnerWorker.java:52)
	at org.testng.SuiteRunnerWorker.run(SuiteRunnerWorker.java:86)
	at org.testng.TestNG.runSuitesSequentially(TestNG.java:1224)
	at org.testng.TestNG.runSuitesLocally(TestNG.java:1149)
	at org.testng.TestNG.run(TestNG.java:1057)
	at org.testng.remote.RemoteTestNG.run(RemoteTestNG.java:111)
	at org.testng.remote.RemoteTestNG.initAndRun(RemoteTestNG.java:204)
	at org.testng.remote.RemoteTestNG.main(RemoteTestNG.java:175)
Caused by: org.openqa.selenium.NoSuchElementException: An element could not be located on the page using the given search parameters. (WARNING: The server did not provide any stacktrace information)
Command duration or timeout: 51 milliseconds
For documentation on this error, please visit: http://seleniumhq.org/exceptions/no_such_element.html
Build info: version: '2.45.0', revision: '32a636c', time: '2015-03-05 22:01:35'
System info: host: 'home', ip: '192.168.15.3', os.name: 'Windows 10', os.arch: 'amd64', os.version: '10.0', java.version: '1.8.0_60'
Driver info: io.appium.java_client.android.AndroidDriver
Capabilities [{appPackage=io.selendroid.testapp, networkConnectionEnabled=true, warnings={}, databaseEnabled=false, deviceName=emulator-5554, platform=LINUX, appActivity=io.selendroid.testapp.HomeScreenActivity, desired={appPackage=io.selendroid.testapp, appActivity=io.selendroid.testapp.HomeScreenActivity, platformVersion=4.4, platformName=Android, deviceName=sample1}, platformVersion=4.4.4, webStorageEnabled=false, locationContextEnabled=false, browserName=Android, takesScreenshot=true, javascriptEnabled=true, platformName=Android}]
Session ID: 35606236-c8d5-468c-9252-917481cba561
*** Element info: {Using=id, value=io.selendroid.testapp:id/startUserRegistration}
	at sun.reflect.GeneratedConstructorAccessor10.newInstance(Unknown Source)
	at sun.reflect.DelegatingConstructorAccessorImpl.newInstance(Unknown Source)
	at java.lang.reflect.Constructor.newInstance(Unknown Source)
	at org.openqa.selenium.remote.ErrorHandler.createThrowable(ErrorHandler.java:204)
	at org.openqa.selenium.remote.ErrorHandler.throwIfResponseFailed(ErrorHandler.java:156)
	at org.openqa.selenium.remote.RemoteWebDriver.execute(RemoteWebDriver.java:599)
	at io.appium.java_client.AppiumDriver.execute(AppiumDriver.java:180)
	at org.openqa.selenium.remote.RemoteWebDriver.findElement(RemoteWebDriver.java:352)
	at org.openqa.selenium.remote.RemoteWebDriver.findElementById(RemoteWebDriver.java:393)
	at org.openqa.selenium.By$ById.findElement(By.java:214)
	at org.openqa.selenium.remote.RemoteWebDriver.findElement(RemoteWebDriver.java:344)
	at com.wbl.appium.utils.WaitClass$1.apply(WaitClass.java:29)
	at com.wbl.appium.utils.WaitClass$1.apply(WaitClass.java:1)
	at org.openqa.selenium.support.ui.FluentWait.until(FluentWait.java:208)
	... 27 more
]]>
            </full-stacktrace>
          </exception> <!-- org.openqa.selenium.TimeoutException -->
          <reporter-output>
          </reporter-output>
        </test-method> <!-- test2 -->
        <test-method status="PASS" signature="After1()[pri:0, instance:com.wbl.appium.tests.RegistrationPageTest@6adca536]" name="After1" is-config="true" duration-ms="1209" started-at="2015-09-18T22:34:02Z" finished-at="2015-09-18T22:34:03Z">
          <reporter-output>
          </reporter-output>
        </test-method> <!-- After1 -->
      </class> <!-- com.wbl.appium.tests.RegistrationPageTest -->
    </test> <!-- Functional Tests -->
  </suite> <!-- Mobile testing -->
</testng-results>
